<?xml version="1.0" encoding="UTF-8"?>
<testng-results skipped="0" failed="0" ignored="0" total="2" passed="2">
  <reporter-output>
  </reporter-output>
  <suite name="Default suite" duration-ms="3341" started-at="2019-02-01T16:49:43Z" finished-at="2019-02-01T16:49:46Z">
    <groups>
    </groups>
    <test name="Default test" duration-ms="3341" started-at="2019-02-01T16:49:43Z" finished-at="2019-02-01T16:49:46Z">
      <class name="rest.services">
        <test-method status="PASS" signature="teststatuscode()[pri:0, instance:rest.services@6093dd95]" name="teststatuscode" duration-ms="3301" started-at="2019-02-01T22:19:43Z" finished-at="2019-02-01T22:19:46Z">
          <reporter-output>
          </reporter-output>
        </test-method> <!-- teststatuscode -->
        <test-method status="PASS" signature="validatethefiel()[pri:0, instance:rest.services@6093dd95]" name="validatethefiel" duration-ms="2" started-at="2019-02-01T22:19:46Z" finished-at="2019-02-01T22:19:46Z">
          <reporter-output>
          </reporter-output>
        </test-method> <!-- validatethefiel -->
      </class> <!-- rest.services -->
    </test> <!-- Default test -->
  </suite> <!-- Default suite -->
</testng-results>
